<?xml version="1.0" encoding="UTF-8"?>
<!-- Generated by org.testng.reporters.JUnitXMLReporter -->
<testsuite hostname="W00PISVDI1483" name="Node2-PolicyCreationTestNode2" tests="1" failures="0" timestamp="24 Jun 2019 06:39:54 GMT" time="5.609" errors="0">
  <testcase name="@BeforeTest beforeTest" time="0.0" classname="com.uiFramework.prive.slyaws.testScripts.PolicyCreationTestNode2">
    <failure type="java.lang.NullPointerException">
      <![CDATA[java.lang.NullPointerException
	at com.uiFramework.prive.slyaws.testbase.TestBase.beforeTest(TestBase.java:74)
... Removed 23 stack frames]]>
    </failure>
  </testcase> <!-- @BeforeTest beforeTest -->
  <testcase name="@BeforeMethod beforeMethod" time="0.0" classname="com.uiFramework.prive.slyaws.testScripts.PolicyCreationTestNode2">
    <skipped/>
  </testcase> <!-- @BeforeMethod beforeMethod -->
  <testcase name="@AfterMethod afterMethod" time="0.0" classname="com.uiFramework.prive.slyaws.testScripts.PolicyCreationTestNode2">
    <skipped/>
  </testcase> <!-- @AfterMethod afterMethod -->
  <testcase name="@AfterTest afterTest" time="0.0" classname="com.uiFramework.prive.slyaws.testScripts.PolicyCreationTestNode2">
    <skipped/>
  </testcase> <!-- @AfterTest afterTest -->
  <testcase name="testPolicyCreation" time="0.004" classname="com.uiFramework.prive.slyaws.testScripts.PolicyCreationTestNode2">
    <skipped/>
  </testcase> <!-- testPolicyCreation -->
</testsuite> <!-- Node2-PolicyCreationTestNode2 -->
