<?xml version="1.0" encoding="UTF-8"?>
<testng-results skipped="0" failed="0" total="2" passed="2">
  <reporter-output>
  </reporter-output>
  <suite name="All Test" duration-ms="1028137" started-at="2019-06-24T14:12:14Z" finished-at="2019-06-24T14:29:23Z">
    <groups>
    </groups>
    <test name="Node1-PolicyCreationTest" duration-ms="1023302" started-at="2019-06-24T14:12:14Z" finished-at="2019-06-24T14:29:18Z">
      <class name="com.uiFramework.prive.slyaws.testScripts.PolicyCreationTest">
        <test-method status="PASS" signature="beforeTest()[pri:0, instance:com.uiFramework.prive.slyaws.testScripts.PolicyCreationTest@3dd4520b]" name="beforeTest" is-config="true" duration-ms="6462" started-at="2019-06-24T10:12:14Z" finished-at="2019-06-24T10:12:21Z">
          <reporter-output>
          </reporter-output>
        </test-method> <!-- beforeTest -->
        <test-method status="PASS" signature="beforeMethod(java.lang.reflect.Method)[pri:0, instance:com.uiFramework.prive.slyaws.testScripts.PolicyCreationTest@3dd4520b]" name="beforeMethod" is-config="true" duration-ms="244" started-at="2019-06-24T10:12:23Z" finished-at="2019-06-24T10:12:23Z">
          <params>
            <param index="0">
              <value>
                <![CDATA[public void com.uiFramework.prive.slyaws.testScripts.PolicyCreationTest.testPolicyCreation(java.lang.String,java.lang.String,java.lang.String) throws org.sikuli.script.FindFailed,java.lang.InterruptedException]]>
              </value>
            </param>
          </params>
          <reporter-output>
          </reporter-output>
        </test-method> <!-- beforeMethod -->
        <test-method status="PASS" signature="testPolicyCreation(java.lang.String, java.lang.String, java.lang.String)[pri:0, instance:com.uiFramework.prive.slyaws.testScripts.PolicyCreationTest@3dd4520b]" name="testPolicyCreation" duration-ms="1013941" started-at="2019-06-24T10:12:23Z" data-provider="testData" finished-at="2019-06-24T10:29:17Z">
          <params>
            <param index="0">
              <value>
                <![CDATA[shalini]]>
              </value>
            </param>
            <param index="1">
              <value>
                <![CDATA[9585214754]]>
              </value>
            </param>
            <param index="2">
              <value>
                <![CDATA[Y]]>
              </value>
            </param>
          </params>
          <reporter-output>
          </reporter-output>
        </test-method> <!-- testPolicyCreation -->
        <test-method status="PASS" signature="afterMethod(org.testng.ITestResult)[pri:0, instance:com.uiFramework.prive.slyaws.testScripts.PolicyCreationTest@3dd4520b]" name="afterMethod" is-config="true" duration-ms="655" started-at="2019-06-24T10:29:17Z" finished-at="2019-06-24T10:29:17Z">
          <params>
            <param index="0">
              <value>
                <![CDATA[[TestResult name=testPolicyCreation status=SUCCESS method=PolicyCreationTest.testPolicyCreation(java.lang.String, java.lang.String, java.lang.String)[pri:0, instance:com.uiFramework.prive.slyaws.testScripts.PolicyCreationTest@3dd4520b] output={null}]]]>
              </value>
            </param>
          </params>
          <reporter-output>
          </reporter-output>
        </test-method> <!-- afterMethod -->
        <test-method status="PASS" signature="afterTest()[pri:0, instance:com.uiFramework.prive.slyaws.testScripts.PolicyCreationTest@3dd4520b]" name="afterTest" is-config="true" duration-ms="185" started-at="2019-06-24T10:29:17Z" finished-at="2019-06-24T10:29:18Z">
          <reporter-output>
          </reporter-output>
        </test-method> <!-- afterTest -->
      </class> <!-- com.uiFramework.prive.slyaws.testScripts.PolicyCreationTest -->
    </test> <!-- Node1-PolicyCreationTest -->
    <test name="Node2-PolicyCreationTest" duration-ms="1028126" started-at="2019-06-24T14:12:14Z" finished-at="2019-06-24T14:29:23Z">
      <class name="com.uiFramework.prive.slyaws.testScripts.PolicyCreationTestNode2">
        <test-method status="PASS" signature="beforeTest()[pri:0, instance:com.uiFramework.prive.slyaws.testScripts.PolicyCreationTestNode2@3b084709]" name="beforeTest" is-config="true" duration-ms="7172" started-at="2019-06-24T10:12:14Z" finished-at="2019-06-24T10:12:22Z">
          <reporter-output>
          </reporter-output>
        </test-method> <!-- beforeTest -->
        <test-method status="PASS" signature="beforeMethod(java.lang.reflect.Method)[pri:0, instance:com.uiFramework.prive.slyaws.testScripts.PolicyCreationTestNode2@3b084709]" name="beforeMethod" is-config="true" duration-ms="213" started-at="2019-06-24T10:12:23Z" finished-at="2019-06-24T10:12:23Z">
          <params>
            <param index="0">
              <value>
                <![CDATA[public void com.uiFramework.prive.slyaws.testScripts.PolicyCreationTestNode2.testPolicyCreation(java.lang.String,java.lang.String,java.lang.String) throws org.sikuli.script.FindFailed,java.lang.InterruptedException]]>
              </value>
            </param>
          </params>
          <reporter-output>
          </reporter-output>
        </test-method> <!-- beforeMethod -->
        <test-method status="PASS" signature="testPolicyCreation(java.lang.String, java.lang.String, java.lang.String)[pri:0, instance:com.uiFramework.prive.slyaws.testScripts.PolicyCreationTestNode2@3b084709]" name="testPolicyCreation" duration-ms="1019348" started-at="2019-06-24T10:12:23Z" data-provider="testData" finished-at="2019-06-24T10:29:22Z">
          <params>
            <param index="0">
              <value>
                <![CDATA[Abaksh]]>
              </value>
            </param>
            <param index="1">
              <value>
                <![CDATA[9155585214]]>
              </value>
            </param>
            <param index="2">
              <value>
                <![CDATA[Y]]>
              </value>
            </param>
          </params>
          <reporter-output>
          </reporter-output>
        </test-method> <!-- testPolicyCreation -->
        <test-method status="PASS" signature="afterMethod(org.testng.ITestResult)[pri:0, instance:com.uiFramework.prive.slyaws.testScripts.PolicyCreationTestNode2@3b084709]" name="afterMethod" is-config="true" duration-ms="119" started-at="2019-06-24T10:29:22Z" finished-at="2019-06-24T10:29:22Z">
          <params>
            <param index="0">
              <value>
                <![CDATA[[TestResult name=testPolicyCreation status=SUCCESS method=PolicyCreationTestNode2.testPolicyCreation(java.lang.String, java.lang.String, java.lang.String)[pri:0, instance:com.uiFramework.prive.slyaws.testScripts.PolicyCreationTestNode2@3b084709] output={null}]]]>
              </value>
            </param>
          </params>
          <reporter-output>
          </reporter-output>
        </test-method> <!-- afterMethod -->
        <test-method status="PASS" signature="afterTest()[pri:0, instance:com.uiFramework.prive.slyaws.testScripts.PolicyCreationTestNode2@3b084709]" name="afterTest" is-config="true" duration-ms="166" started-at="2019-06-24T10:29:22Z" finished-at="2019-06-24T10:29:23Z">
          <reporter-output>
          </reporter-output>
        </test-method> <!-- afterTest -->
      </class> <!-- com.uiFramework.prive.slyaws.testScripts.PolicyCreationTestNode2 -->
    </test> <!-- Node2-PolicyCreationTest -->
  </suite> <!-- All Test -->
</testng-results>
